<?xml version="1.0" encoding="UTF-8"?>
<testsuites name="TestSuite1" time="4" tests="1" failures="0" errors="0">
   <testsuite name="TestSuite1" tests="1" failures="0" errors="0" time="4" timestamp="2018-12-14 15:38:19" hostname="Johannes - Johannes-PC.seekerscapital.com" id="Test Suites/TestSuite1">
      <properties>
         <property name="deviceName" value=""/>
         <property name="devicePlatform" value=""/>
         <property name="logFolder" value="C:\\Users\\Johannes\\Katalon Studio\\API Demo Project 1\\Reports\\TestSuite1\\20181214_153816"/>
         <property name="logFiles" value="C:\\Users\\Johannes\\Katalon Studio\\API Demo Project 1\\Reports\\TestSuite1\\20181214_153816\\execution0.log"/>
         <property name="attachments" value=""/>
         <property name="hostName" value="Johannes - Johannes-PC.seekerscapital.com"/>
         <property name="hostAddress" value="192.168.24.109"/>
         <property name="os" value="Windows 10 64bit"/>
         <property name="katalonVersion" value="5.9.1.2"/>
      </properties>
      <testcase name="Test Cases/ListUsersTest" classname="Test Cases/ListUsersTest" status="PASSED">
         <system-out><![CDATA[2018-12-14 15:38:19 - [TEST_CASE][PASSED] - Test Cases/ListUsersTest: Test Cases/ListUsersTest

2018-12-14 15:38:19 - [TEST_STEP][PASSED] - sendRequest(findTestObject("UserRestService/ListUsers")): Send request successfully

2018-12-14 15:38:22 - [MESSAGE][INFO] - HAR: C:\Users\Johannes\Katalon Studio\API Demo Project 1\Reports\TestSuite1\20181214_153816\requests\main\0.har

2018-12-14 15:38:22 - [MESSAGE][PASSED] - Send request successfully

2018-12-14 15:38:22 - [TEST_STEP][PASSED] - response = sendRequestAndVerify(findTestObject("UserRestService/ListUsers")): Send request and verify the response successfully

2018-12-14 15:38:23 - [TEST_CASE][PASSED] - Start Test Case : Verification: Verification accomplished successfully

2018-12-14 15:38:23 - [TEST_STEP][PASSED] - request = getInstance().getCurrentRequest(): null

2018-12-14 15:38:23 - [TEST_STEP][PASSED] - response = getInstance().getCurrentResponse(): null

2018-12-14 15:38:23 - [TEST_STEP][PASSED] - verifyResponseStatusCode(response, 200): Verify response status code successfully

2018-12-14 15:38:23 - [MESSAGE][PASSED] - Verify response status code successfully

2018-12-14 15:38:23 - [TEST_STEP][PASSED] - getStatusCode()).isEqualTo(200): null

2018-12-14 15:38:23 - [TEST_STEP][PASSED] - getResponseText()).contains("page"): null

2018-12-14 15:38:23 - [TEST_STEP][PASSED] - verifyElementPropertyValue(response, "data[1].first_name", "Charles"): Verify element property value successfully

2018-12-14 15:38:23 - [MESSAGE][PASSED] - Verify element property value successfully

2018-12-14 15:38:23 - [MESSAGE][PASSED] - Verify response successfully

2018-12-14 15:38:23 - [MESSAGE][PASSED] - Send request and verify the response successfully

2018-12-14 15:38:23 - [TEST_STEP][PASSED] - verifyElementPropertyValue(response, "data[1].first_name", "Charles"): Verify element property value successfully

2018-12-14 15:38:23 - [MESSAGE][PASSED] - Verify element property value successfully

2018-12-14 15:38:23 - [TEST_STEP][PASSED] - verifyElementPropertyValue(response, "data[2].id", "6"): Verify element property value successfully

2018-12-14 15:38:23 - [MESSAGE][PASSED] - Verify element property value successfully

2018-12-14 15:38:23 - [TEST_STEP][PASSED] - verifyElementsCount(response, "data", 3): Verify element count successfully

2018-12-14 15:38:23 - [MESSAGE][PASSED] - Verify element count successfully

2018-12-14 15:38:23 - [TEST_STEP][PASSED] - results = JsonSlurper().parseText(response.getResponseBodyContent()): null

2018-12-14 15:38:23 - [TEST_STEP][PASSED] - println(results.size()): null]]></system-out>
         <system-err><![CDATA[]]></system-err>
      </testcase>
      <system-out><![CDATA[2018-12-14 15:38:19 - [TEST_SUITE][PASSED] - TestSuite1: Test Cases/ListUsersTest]]></system-out>
      <system-err><![CDATA[]]></system-err>
   </testsuite>
</testsuites>
