<?xml version="1.0" encoding="UTF-8"?>
<testsuites name="New Test Suite" time="6" tests="1" failures="0" errors="0">
   <testsuite name="New Test Suite" tests="1" failures="0" errors="0" time="6" timestamp="2018-12-14 14:54:51" hostname="Johannes - Johannes-PC.seekerscapital.com" id="Test Suites/New Test Suite">
      <properties>
         <property name="deviceName" value=""/>
         <property name="devicePlatform" value=""/>
         <property name="logFolder" value="C:\\Users\\Johannes\\Katalon Studio\\API Demo Project 1\\Reports\\New Test Suite\\20181214_145448"/>
         <property name="logFiles" value="C:\\Users\\Johannes\\Katalon Studio\\API Demo Project 1\\Reports\\New Test Suite\\20181214_145448\\execution0.log"/>
         <property name="attachments" value=""/>
         <property name="hostName" value="Johannes - Johannes-PC.seekerscapital.com"/>
         <property name="hostAddress" value="192.168.24.109"/>
         <property name="os" value="Windows 10 64bit"/>
         <property name="katalonVersion" value="5.9.1.2"/>
      </properties>
      <testcase name="Test Cases/TestHTTPMethods" classname="Test Cases/TestHTTPMethods" status="PASSED">
         <system-out><![CDATA[2018-12-14 14:54:51 - [TEST_CASE][PASSED] - Test Cases/TestHTTPMethods: Test Cases/TestHTTPMethods

2018-12-14 14:54:51 - [TEST_STEP][PASSED] - sendRequestAndVerify(findTestObject("UserRestService/ListUsers")): Send request and verify the response successfully

2018-12-14 14:54:54 - [TEST_CASE][PASSED] - Start Test Case : Verification: Verification accomplished successfully

2018-12-14 14:54:55 - [TEST_STEP][PASSED] - request = getInstance().getCurrentRequest(): null

2018-12-14 14:54:55 - [TEST_STEP][PASSED] - response = getInstance().getCurrentResponse(): null

2018-12-14 14:54:55 - [TEST_STEP][PASSED] - verifyResponseStatusCode(response, 200): Verify response status code successfully

2018-12-14 14:54:55 - [MESSAGE][PASSED] - Verify response status code successfully

2018-12-14 14:54:55 - [TEST_STEP][PASSED] - getStatusCode()).isEqualTo(200): null

2018-12-14 14:54:55 - [TEST_STEP][PASSED] - getResponseText()).contains("page"): null

2018-12-14 14:54:55 - [TEST_STEP][PASSED] - verifyElementPropertyValue(response, "data[1].first_name", "Charles"): Verify element property value successfully

2018-12-14 14:54:55 - [MESSAGE][PASSED] - Verify element property value successfully

2018-12-14 14:54:55 - [MESSAGE][PASSED] - Verify response successfully

2018-12-14 14:54:55 - [MESSAGE][PASSED] - Send request and verify the response successfully

2018-12-14 14:54:55 - [TEST_STEP][PASSED] - sendRequestAndVerify(findTestObject("UserRestService/CreateUser")): Send request and verify the response successfully

2018-12-14 14:54:56 - [TEST_CASE][PASSED] - Start Test Case : Verification: Verification accomplished successfully

2018-12-14 14:54:56 - [TEST_STEP][PASSED] - request = getInstance().getCurrentRequest(): null

2018-12-14 14:54:56 - [TEST_STEP][PASSED] - response = getInstance().getCurrentResponse(): null

2018-12-14 14:54:56 - [TEST_STEP][PASSED] - verifyResponseStatusCode(response, 201): Verify response status code successfully

2018-12-14 14:54:56 - [MESSAGE][PASSED] - Verify response status code successfully

2018-12-14 14:54:56 - [TEST_STEP][PASSED] - getStatusCode()).isEqualTo(201): null

2018-12-14 14:54:56 - [MESSAGE][PASSED] - Verify response successfully

2018-12-14 14:54:56 - [MESSAGE][PASSED] - Send request and verify the response successfully

2018-12-14 14:54:56 - [TEST_STEP][PASSED] - sendRequestAndVerify(findTestObject("UserRestService/UpdateUser")): Send request and verify the response successfully

2018-12-14 14:54:57 - [TEST_CASE][PASSED] - Start Test Case : Verification: Verification accomplished successfully

2018-12-14 14:54:57 - [TEST_STEP][PASSED] - request = getInstance().getCurrentRequest(): null

2018-12-14 14:54:57 - [TEST_STEP][PASSED] - response = getInstance().getCurrentResponse(): null

2018-12-14 14:54:57 - [TEST_STEP][PASSED] - verifyResponseStatusCode(response, 200): Verify response status code successfully

2018-12-14 14:54:57 - [MESSAGE][PASSED] - Verify response status code successfully

2018-12-14 14:54:57 - [TEST_STEP][PASSED] - getStatusCode()).isEqualTo(200): null

2018-12-14 14:54:57 - [MESSAGE][PASSED] - Verify response successfully

2018-12-14 14:54:57 - [MESSAGE][PASSED] - Send request and verify the response successfully

2018-12-14 14:54:57 - [TEST_STEP][PASSED] - sendRequestAndVerify(findTestObject("UserRestService/DeleteUser")): Send request and verify the response successfully

2018-12-14 14:54:57 - [TEST_CASE][PASSED] - Start Test Case : Verification: Verification accomplished successfully

2018-12-14 14:54:57 - [TEST_STEP][PASSED] - request = getInstance().getCurrentRequest(): null

2018-12-14 14:54:57 - [TEST_STEP][PASSED] - response = getInstance().getCurrentResponse(): null

2018-12-14 14:54:57 - [TEST_STEP][PASSED] - verifyResponseStatusCode(response, 204): Verify response status code successfully

2018-12-14 14:54:57 - [MESSAGE][PASSED] - Verify response status code successfully

2018-12-14 14:54:57 - [TEST_STEP][PASSED] - getStatusCode()).isEqualTo(204): null

2018-12-14 14:54:57 - [MESSAGE][PASSED] - Verify response successfully

2018-12-14 14:54:57 - [MESSAGE][PASSED] - Send request and verify the response successfully]]></system-out>
         <system-err><![CDATA[]]></system-err>
      </testcase>
      <system-out><![CDATA[2018-12-14 14:54:51 - [TEST_SUITE][PASSED] - New Test Suite: Test Cases/TestHTTPMethods]]></system-out>
      <system-err><![CDATA[]]></system-err>
   </testsuite>
</testsuites>
